<?xml version="1.0" encoding="UTF-8"?>
<!-- Generated by org.testng.reporters.JUnitReportReporter -->
<testsuite hostname="STI-D01-DINESH" name="LaunchScript.LaunchScript" tests="1" failures="0" timestamp="26 Sep 2016 12:54:53 GMT" time="898.050" errors="0">
  <testcase name="Launch" time="898.050" classname="LaunchScript.LaunchScript"/>
</testsuite> <!-- LaunchScript.LaunchScript -->
